c:\users\miziz\source\repos\kal's_network\kals_network\x64\debug\vc143.pdb
c:\users\miziz\source\repos\kal's_network\kals_network\x64\debug\vc143.idb
c:\users\miziz\source\repos\kal's_network\kals_network\x64\debug\simplesocket.obj
c:\users\miziz\source\repos\kal's_network\kals_network\x64\debug\mntlibc_sockets.obj
c:\users\miziz\source\repos\kal's_network\kals_network\x64\debug\mntlibc_network.obj
c:\users\miziz\source\repos\kal's_network\kals_network\x64\debug\kals_network.obj
c:\users\miziz\source\repos\kal's_network\kals_network\x64\debug\listeningsocket.obj
c:\users\miziz\source\repos\kal's_network\kals_network\x64\debug\connectingsocket.obj
c:\users\miziz\source\repos\kal's_network\kals_network\x64\debug\bindingsocket.obj
c:\users\miziz\source\repos\kal's_network\x64\debug\kals_network.pdb
c:\users\miziz\source\repos\kal's_network\kals_network\x64\debug\kals_network.tlog\cl.command.1.tlog
c:\users\miziz\source\repos\kal's_network\kals_network\x64\debug\kals_network.tlog\cl.read.1.tlog
c:\users\miziz\source\repos\kal's_network\kals_network\x64\debug\kals_network.tlog\cl.write.1.tlog
c:\users\miziz\source\repos\kal's_network\kals_network\x64\debug\kals_network.tlog\link-cvtres.read.1.tlog
c:\users\miziz\source\repos\kal's_network\kals_network\x64\debug\kals_network.tlog\link-cvtres.write.1.tlog
c:\users\miziz\source\repos\kal's_network\kals_network\x64\debug\kals_network.tlog\link-rc.read.1.tlog
c:\users\miziz\source\repos\kal's_network\kals_network\x64\debug\kals_network.tlog\link-rc.write.1.tlog
c:\users\miziz\source\repos\kal's_network\kals_network\x64\debug\kals_network.tlog\link.command.1.tlog
c:\users\miziz\source\repos\kal's_network\kals_network\x64\debug\kals_network.tlog\link.read.1.tlog
c:\users\miziz\source\repos\kal's_network\kals_network\x64\debug\kals_network.tlog\link.read.2.tlog
c:\users\miziz\source\repos\kal's_network\kals_network\x64\debug\kals_network.tlog\link.write.1.tlog
